0 info it worked if it ends with ok
1 verbose cli [ 'C:\\Program Files\\nodejs\\node.exe',
1 verbose cli   'C:\\Program Files\\nodejs\\node_modules\\npm\\bin\\npm-cli.js',
1 verbose cli   'install',
1 verbose cli   '--save',
1 verbose cli   'express' ]
2 info using npm@3.10.10
3 info using node@v6.11.0
4 silly loadCurrentTree Starting
5 silly install loadCurrentTree
6 silly install readLocalPackageData
7 silly fetchPackageMetaData express
8 silly fetchNamedPackageData express
9 silly mapToRegistry name express
10 silly mapToRegistry using default registry
11 silly mapToRegistry registry http://registry.npmjs.org/
12 silly mapToRegistry data Result {
12 silly mapToRegistry   raw: 'express',
12 silly mapToRegistry   scope: null,
12 silly mapToRegistry   escapedName: 'express',
12 silly mapToRegistry   name: 'express',
12 silly mapToRegistry   rawSpec: '',
12 silly mapToRegistry   spec: 'latest',
12 silly mapToRegistry   type: 'tag' }
13 silly mapToRegistry uri http://registry.npmjs.org/express
14 verbose request uri http://registry.npmjs.org/express
15 verbose request no auth needed
16 info attempt registry request try #1 at 2:09:13 PM
17 verbose request id 925e0bec310ce83d
18 http request GET http://registry.npmjs.org/express
19 info retry will retry, error on last attempt: Error: Invalid protocol: genproxy.amdocs.com:
20 info attempt registry request try #2 at 2:09:23 PM
21 http request GET http://registry.npmjs.org/express
22 info retry will retry, error on last attempt: Error: Invalid protocol: genproxy.amdocs.com:
23 info attempt registry request try #3 at 2:10:23 PM
24 http request GET http://registry.npmjs.org/express
25 silly fetchPackageMetaData Error: Invalid protocol: genproxy.amdocs.com:
25 silly fetchPackageMetaData     at Request.init (C:\Program Files\nodejs\node_modules\npm\node_modules\request\request.js:460:31)
25 silly fetchPackageMetaData     at new Request (C:\Program Files\nodejs\node_modules\npm\node_modules\request\request.js:129:8)
25 silly fetchPackageMetaData     at request (C:\Program Files\nodejs\node_modules\npm\node_modules\request\index.js:55:10)
25 silly fetchPackageMetaData     at CachingRegistryClient.makeRequest (C:\Program Files\nodejs\node_modules\npm\node_modules\npm-registry-client\lib\request.js:158:13)
25 silly fetchPackageMetaData     at C:\Program Files\nodejs\node_modules\npm\node_modules\npm-registry-client\lib\request.js:66:17
25 silly fetchPackageMetaData     at RetryOperation._fn (C:\Program Files\nodejs\node_modules\npm\node_modules\npm-registry-client\lib\attempt.js:18:5)
25 silly fetchPackageMetaData     at Timeout._onTimeout (C:\Program Files\nodejs\node_modules\npm\node_modules\npm-registry-client\node_modules\retry\lib\retry_operation.js:68:10)
25 silly fetchPackageMetaData     at ontimeout (timers.js:386:14)
25 silly fetchPackageMetaData     at tryOnTimeout (timers.js:250:5)
25 silly fetchPackageMetaData     at Timer.listOnTimeout (timers.js:214:5)
25 silly fetchPackageMetaData  error for express Error: Invalid protocol: genproxy.amdocs.com:
25 silly fetchPackageMetaData     at Request.init (C:\Program Files\nodejs\node_modules\npm\node_modules\request\request.js:460:31)
25 silly fetchPackageMetaData     at new Request (C:\Program Files\nodejs\node_modules\npm\node_modules\request\request.js:129:8)
25 silly fetchPackageMetaData     at request (C:\Program Files\nodejs\node_modules\npm\node_modules\request\index.js:55:10)
25 silly fetchPackageMetaData     at CachingRegistryClient.makeRequest (C:\Program Files\nodejs\node_modules\npm\node_modules\npm-registry-client\lib\request.js:158:13)
25 silly fetchPackageMetaData     at C:\Program Files\nodejs\node_modules\npm\node_modules\npm-registry-client\lib\request.js:66:17
25 silly fetchPackageMetaData     at RetryOperation._fn (C:\Program Files\nodejs\node_modules\npm\node_modules\npm-registry-client\lib\attempt.js:18:5)
25 silly fetchPackageMetaData     at Timeout._onTimeout (C:\Program Files\nodejs\node_modules\npm\node_modules\npm-registry-client\node_modules\retry\lib\retry_operation.js:68:10)
25 silly fetchPackageMetaData     at ontimeout (timers.js:386:14)
25 silly fetchPackageMetaData     at tryOnTimeout (timers.js:250:5)
25 silly fetchPackageMetaData     at Timer.listOnTimeout (timers.js:214:5)
26 silly rollbackFailedOptional Starting
27 silly rollbackFailedOptional Finishing
28 silly runTopLevelLifecycles Finishing
29 silly install printInstalled
30 verbose stack Error: Invalid protocol: genproxy.amdocs.com:
30 verbose stack     at Request.init (C:\Program Files\nodejs\node_modules\npm\node_modules\request\request.js:460:31)
30 verbose stack     at new Request (C:\Program Files\nodejs\node_modules\npm\node_modules\request\request.js:129:8)
30 verbose stack     at request (C:\Program Files\nodejs\node_modules\npm\node_modules\request\index.js:55:10)
30 verbose stack     at CachingRegistryClient.makeRequest (C:\Program Files\nodejs\node_modules\npm\node_modules\npm-registry-client\lib\request.js:158:13)
30 verbose stack     at C:\Program Files\nodejs\node_modules\npm\node_modules\npm-registry-client\lib\request.js:66:17
30 verbose stack     at RetryOperation._fn (C:\Program Files\nodejs\node_modules\npm\node_modules\npm-registry-client\lib\attempt.js:18:5)
30 verbose stack     at Timeout._onTimeout (C:\Program Files\nodejs\node_modules\npm\node_modules\npm-registry-client\node_modules\retry\lib\retry_operation.js:68:10)
30 verbose stack     at ontimeout (timers.js:386:14)
30 verbose stack     at tryOnTimeout (timers.js:250:5)
30 verbose stack     at Timer.listOnTimeout (timers.js:214:5)
31 verbose cwd C:\workspace\Tests\Learn1\nodeJsCache
32 error Windows_NT 10.0.16299
33 error argv "C:\\Program Files\\nodejs\\node.exe" "C:\\Program Files\\nodejs\\node_modules\\npm\\bin\\npm-cli.js" "install" "--save" "express"
34 error node v6.11.0
35 error npm  v3.10.10
36 error Invalid protocol: genproxy.amdocs.com:
37 error If you need help, you may report this error at:
37 error     <https://github.com/npm/npm/issues>
38 verbose exit [ 1, true ]
